<?xml version="1.0" encoding="UTF-8"?>
<!-- Generated by org.testng.reporters.JUnitXMLReporter -->
<testsuite hostname="A7P-00000-THARM" ignored="0" name="Go-Jek Assignment Execution Suite Test" tests="10" failures="0" timestamp="14 Jan 2017 04:13:33 GMT" time="42.369" errors="0">
  <testcase name="driverInitalization" time="8.233" classname="TestExecutionSuite.BasicFunctionalExecutionSuite"/>
  <testcase name="openUrl" time="4.17" classname="TestExecutionSuite.BasicFunctionalExecutionSuite"/>
  <testcase name="enterJourneyDetails" time="4.671" classname="TestExecutionSuite.BasicFunctionalExecutionSuite"/>
  <testcase name="validateDetailsEntereInSearchPage" time="1.034" classname="TestExecutionSuite.BasicFunctionalExecutionSuite"/>
  <testcase name="chooseFlight" time="0.308" classname="TestExecutionSuite.BasicFunctionalExecutionSuite"/>
  <testcase name="validateFlightsChosenInPaymentPage" time="1.596" classname="TestExecutionSuite.BasicFunctionalExecutionSuite"/>
  <testcase name="selectInsurance" time="0.949" classname="TestExecutionSuite.BasicFunctionalExecutionSuite"/>
  <testcase name="enterEmail" time="3.092" classname="TestExecutionSuite.BasicFunctionalExecutionSuite"/>
  <testcase name="enterPassengerDetails" time="3.63" classname="TestExecutionSuite.BasicFunctionalExecutionSuite"/>
  <testcase name="verifyPaymentPage" time="14.634" classname="TestExecutionSuite.BasicFunctionalExecutionSuite"/>
</testsuite> <!-- Go-Jek Assignment Execution Suite Test -->
