<?xml version="1.0" encoding="UTF-8"?>
<!-- Generated by org.testng.reporters.JUnitXMLReporter -->
<testsuite hostname="A7P-00000-THARM" ignored="0" name="Go-Jek Assignment Execution Suite Test" tests="10" failures="0" timestamp="15 Jan 2017 14:05:24 GMT" time="299.702" errors="0">
  <testcase name="driverInitalization" time="14.217" classname="TestExecutionSuite.BasicFunctionalExecutionSuite"/>
  <testcase name="openUrl" time="256.101" classname="TestExecutionSuite.BasicFunctionalExecutionSuite"/>
  <testcase name="enterJourneyDetails" time="5.511" classname="TestExecutionSuite.BasicFunctionalExecutionSuite"/>
  <testcase name="validateDetailsEntereInSearchPage" time="1.22" classname="TestExecutionSuite.BasicFunctionalExecutionSuite"/>
  <testcase name="chooseFlight" time="0.386" classname="TestExecutionSuite.BasicFunctionalExecutionSuite"/>
  <testcase name="validateFlightsChosenInPaymentPage" time="2.244" classname="TestExecutionSuite.BasicFunctionalExecutionSuite"/>
  <testcase name="selectInsurance" time="0.458" classname="TestExecutionSuite.BasicFunctionalExecutionSuite"/>
  <testcase name="enterEmail" time="3.779" classname="TestExecutionSuite.BasicFunctionalExecutionSuite"/>
  <testcase name="enterPassengerDetails" time="4.056" classname="TestExecutionSuite.BasicFunctionalExecutionSuite"/>
  <testcase name="verifyPaymentPage" time="11.67" classname="TestExecutionSuite.BasicFunctionalExecutionSuite"/>
</testsuite> <!-- Go-Jek Assignment Execution Suite Test -->
