<?xml version="1.0" encoding="UTF-8"?>
<!-- Generated by org.testng.reporters.JUnitXMLReporter -->
<testsuite hostname="A7P-00000-THARM" name="Go-Jek Assignment Execution Suite Test" tests="10" failures="0" timestamp="13 Jan 2017 19:07:00 GMT" time="41.517" errors="0">
  <testcase name="driverInitalization" time="8.109" classname="TestExecutionSuite.BasicFunctionalExecutionSuite"/>
  <testcase name="openUrl" time="3.571" classname="TestExecutionSuite.BasicFunctionalExecutionSuite"/>
  <testcase name="enterJourneyDetails" time="4.943" classname="TestExecutionSuite.BasicFunctionalExecutionSuite"/>
  <testcase name="validateDetailsEntereInSearchPage" time="1.04" classname="TestExecutionSuite.BasicFunctionalExecutionSuite"/>
  <testcase name="chooseFlight" time="0.29" classname="TestExecutionSuite.BasicFunctionalExecutionSuite"/>
  <testcase name="validateFlightsChosenInPaymentPage" time="1.715" classname="TestExecutionSuite.BasicFunctionalExecutionSuite"/>
  <testcase name="selectInsurance" time="0.959" classname="TestExecutionSuite.BasicFunctionalExecutionSuite"/>
  <testcase name="enterEmail" time="2.934" classname="TestExecutionSuite.BasicFunctionalExecutionSuite"/>
  <testcase name="enterPassengerDetails" time="4.023" classname="TestExecutionSuite.BasicFunctionalExecutionSuite"/>
  <testcase name="verifyPaymentPage" time="13.86" classname="TestExecutionSuite.BasicFunctionalExecutionSuite"/>
</testsuite> <!-- Go-Jek Assignment Execution Suite Test -->
