<?xml version="1.0" encoding="UTF-8"?>
<testng-results skipped="0" failed="0" ignored="0" total="10" passed="10">
  <reporter-output>
  </reporter-output>
  <suite name="Go-Jek Assignment Execution Suite" duration-ms="299702" started-at="2017-01-15T14:00:24Z" finished-at="2017-01-15T14:05:24Z">
    <groups>
    </groups>
    <test name="Go-Jek Assignment Execution Suite Test" duration-ms="299702" started-at="2017-01-15T14:00:24Z" finished-at="2017-01-15T14:05:24Z">
      <class name="TestExecutionSuite.BasicFunctionalExecutionSuite">
        <test-method status="PASS" signature="beforesuite()[pri:0, instance:TestExecutionSuite.BasicFunctionalExecutionSuite@7946e1f4]" name="beforesuite" is-config="true" duration-ms="10" started-at="2017-01-15T19:30:24Z" finished-at="2017-01-15T19:30:24Z">
          <reporter-output>
          </reporter-output>
        </test-method> <!-- beforesuite -->
        <test-method status="PASS" signature="setup()[pri:0, instance:TestExecutionSuite.BasicFunctionalExecutionSuite@7946e1f4]" name="setup" is-config="true" duration-ms="1" started-at="2017-01-15T19:30:24Z" finished-at="2017-01-15T19:30:24Z">
          <reporter-output>
          </reporter-output>
        </test-method> <!-- setup -->
        <test-method status="PASS" signature="driverInitalization(java.lang.String)[pri:0, instance:TestExecutionSuite.BasicFunctionalExecutionSuite@7946e1f4]" name="driverInitalization" duration-ms="14217" started-at="2017-01-15T19:30:24Z" finished-at="2017-01-15T19:30:39Z">
          <params>
            <param index="0">
              <value>
                <![CDATA[firefox]]>
              </value>
            </param>
          </params>
          <reporter-output>
          </reporter-output>
        </test-method> <!-- driverInitalization -->
        <test-method status="PASS" signature="afterEveryMethod(org.testng.ITestResult)[pri:0, instance:TestExecutionSuite.BasicFunctionalExecutionSuite@7946e1f4]" name="afterEveryMethod" is-config="true" duration-ms="2" started-at="2017-01-15T19:30:39Z" finished-at="2017-01-15T19:30:39Z">
          <params>
            <param index="0">
              <value>
                <![CDATA[[TestResult name=driverInitalization status=SUCCESS method=BasicFunctionalExecutionSuite.driverInitalization(java.lang.String)[pri:0, instance:TestExecutionSuite.BasicFunctionalExecutionSuite@7946e1f4] output={null}]]]>
              </value>
            </param>
          </params>
          <reporter-output>
          </reporter-output>
        </test-method> <!-- afterEveryMethod -->
        <test-method status="PASS" signature="openUrl()[pri:1, instance:TestExecutionSuite.BasicFunctionalExecutionSuite@7946e1f4]" name="openUrl" duration-ms="256101" started-at="2017-01-15T19:30:39Z" finished-at="2017-01-15T19:34:55Z">
          <reporter-output>
          </reporter-output>
        </test-method> <!-- openUrl -->
        <test-method status="PASS" signature="afterEveryMethod(org.testng.ITestResult)[pri:0, instance:TestExecutionSuite.BasicFunctionalExecutionSuite@7946e1f4]" name="afterEveryMethod" is-config="true" duration-ms="0" started-at="2017-01-15T19:34:55Z" finished-at="2017-01-15T19:34:55Z">
          <params>
            <param index="0">
              <value>
                <![CDATA[[TestResult name=openUrl status=SUCCESS method=BasicFunctionalExecutionSuite.openUrl()[pri:1, instance:TestExecutionSuite.BasicFunctionalExecutionSuite@7946e1f4] output={null}]]]>
              </value>
            </param>
          </params>
          <reporter-output>
          </reporter-output>
        </test-method> <!-- afterEveryMethod -->
        <test-method status="PASS" signature="enterJourneyDetails()[pri:2, instance:TestExecutionSuite.BasicFunctionalExecutionSuite@7946e1f4]" name="enterJourneyDetails" duration-ms="5511" started-at="2017-01-15T19:34:55Z" finished-at="2017-01-15T19:35:00Z">
          <reporter-output>
          </reporter-output>
        </test-method> <!-- enterJourneyDetails -->
        <test-method status="PASS" signature="afterEveryMethod(org.testng.ITestResult)[pri:0, instance:TestExecutionSuite.BasicFunctionalExecutionSuite@7946e1f4]" name="afterEveryMethod" is-config="true" duration-ms="0" started-at="2017-01-15T19:35:00Z" finished-at="2017-01-15T19:35:00Z">
          <params>
            <param index="0">
              <value>
                <![CDATA[[TestResult name=enterJourneyDetails status=SUCCESS method=BasicFunctionalExecutionSuite.enterJourneyDetails()[pri:2, instance:TestExecutionSuite.BasicFunctionalExecutionSuite@7946e1f4] output={null}]]]>
              </value>
            </param>
          </params>
          <reporter-output>
          </reporter-output>
        </test-method> <!-- afterEveryMethod -->
        <test-method status="PASS" signature="validateDetailsEntereInSearchPage()[pri:3, instance:TestExecutionSuite.BasicFunctionalExecutionSuite@7946e1f4]" name="validateDetailsEntereInSearchPage" duration-ms="1220" started-at="2017-01-15T19:35:00Z" finished-at="2017-01-15T19:35:01Z">
          <reporter-output>
          </reporter-output>
        </test-method> <!-- validateDetailsEntereInSearchPage -->
        <test-method status="PASS" signature="afterEveryMethod(org.testng.ITestResult)[pri:0, instance:TestExecutionSuite.BasicFunctionalExecutionSuite@7946e1f4]" name="afterEveryMethod" is-config="true" duration-ms="0" started-at="2017-01-15T19:35:01Z" finished-at="2017-01-15T19:35:01Z">
          <params>
            <param index="0">
              <value>
                <![CDATA[[TestResult name=validateDetailsEntereInSearchPage status=SUCCESS method=BasicFunctionalExecutionSuite.validateDetailsEntereInSearchPage()[pri:3, instance:TestExecutionSuite.BasicFunctionalExecutionSuite@7946e1f4] output={null}]]]>
              </value>
            </param>
          </params>
          <reporter-output>
          </reporter-output>
        </test-method> <!-- afterEveryMethod -->
        <test-method status="PASS" signature="chooseFlight()[pri:4, instance:TestExecutionSuite.BasicFunctionalExecutionSuite@7946e1f4]" name="chooseFlight" duration-ms="386" started-at="2017-01-15T19:35:01Z" finished-at="2017-01-15T19:35:02Z">
          <reporter-output>
          </reporter-output>
        </test-method> <!-- chooseFlight -->
        <test-method status="PASS" signature="afterEveryMethod(org.testng.ITestResult)[pri:0, instance:TestExecutionSuite.BasicFunctionalExecutionSuite@7946e1f4]" name="afterEveryMethod" is-config="true" duration-ms="0" started-at="2017-01-15T19:35:02Z" finished-at="2017-01-15T19:35:02Z">
          <params>
            <param index="0">
              <value>
                <![CDATA[[TestResult name=chooseFlight status=SUCCESS method=BasicFunctionalExecutionSuite.chooseFlight()[pri:4, instance:TestExecutionSuite.BasicFunctionalExecutionSuite@7946e1f4] output={null}]]]>
              </value>
            </param>
          </params>
          <reporter-output>
          </reporter-output>
        </test-method> <!-- afterEveryMethod -->
        <test-method status="PASS" signature="validateFlightsChosenInPaymentPage()[pri:5, instance:TestExecutionSuite.BasicFunctionalExecutionSuite@7946e1f4]" name="validateFlightsChosenInPaymentPage" duration-ms="2244" started-at="2017-01-15T19:35:02Z" finished-at="2017-01-15T19:35:04Z">
          <reporter-output>
          </reporter-output>
        </test-method> <!-- validateFlightsChosenInPaymentPage -->
        <test-method status="PASS" signature="afterEveryMethod(org.testng.ITestResult)[pri:0, instance:TestExecutionSuite.BasicFunctionalExecutionSuite@7946e1f4]" name="afterEveryMethod" is-config="true" duration-ms="1" started-at="2017-01-15T19:35:04Z" finished-at="2017-01-15T19:35:04Z">
          <params>
            <param index="0">
              <value>
                <![CDATA[[TestResult name=validateFlightsChosenInPaymentPage status=SUCCESS method=BasicFunctionalExecutionSuite.validateFlightsChosenInPaymentPage()[pri:5, instance:TestExecutionSuite.BasicFunctionalExecutionSuite@7946e1f4] output={null}]]]>
              </value>
            </param>
          </params>
          <reporter-output>
          </reporter-output>
        </test-method> <!-- afterEveryMethod -->
        <test-method status="PASS" signature="selectInsurance()[pri:6, instance:TestExecutionSuite.BasicFunctionalExecutionSuite@7946e1f4]" name="selectInsurance" duration-ms="458" started-at="2017-01-15T19:35:04Z" finished-at="2017-01-15T19:35:05Z">
          <reporter-output>
          </reporter-output>
        </test-method> <!-- selectInsurance -->
        <test-method status="PASS" signature="afterEveryMethod(org.testng.ITestResult)[pri:0, instance:TestExecutionSuite.BasicFunctionalExecutionSuite@7946e1f4]" name="afterEveryMethod" is-config="true" duration-ms="0" started-at="2017-01-15T19:35:05Z" finished-at="2017-01-15T19:35:05Z">
          <params>
            <param index="0">
              <value>
                <![CDATA[[TestResult name=selectInsurance status=SUCCESS method=BasicFunctionalExecutionSuite.selectInsurance()[pri:6, instance:TestExecutionSuite.BasicFunctionalExecutionSuite@7946e1f4] output={null}]]]>
              </value>
            </param>
          </params>
          <reporter-output>
          </reporter-output>
        </test-method> <!-- afterEveryMethod -->
        <test-method status="PASS" signature="enterEmail()[pri:7, instance:TestExecutionSuite.BasicFunctionalExecutionSuite@7946e1f4]" name="enterEmail" duration-ms="3779" started-at="2017-01-15T19:35:05Z" finished-at="2017-01-15T19:35:08Z">
          <reporter-output>
          </reporter-output>
        </test-method> <!-- enterEmail -->
        <test-method status="PASS" signature="afterEveryMethod(org.testng.ITestResult)[pri:0, instance:TestExecutionSuite.BasicFunctionalExecutionSuite@7946e1f4]" name="afterEveryMethod" is-config="true" duration-ms="0" started-at="2017-01-15T19:35:08Z" finished-at="2017-01-15T19:35:08Z">
          <params>
            <param index="0">
              <value>
                <![CDATA[[TestResult name=enterEmail status=SUCCESS method=BasicFunctionalExecutionSuite.enterEmail()[pri:7, instance:TestExecutionSuite.BasicFunctionalExecutionSuite@7946e1f4] output={null}]]]>
              </value>
            </param>
          </params>
          <reporter-output>
          </reporter-output>
        </test-method> <!-- afterEveryMethod -->
        <test-method status="PASS" signature="enterPassengerDetails()[pri:8, instance:TestExecutionSuite.BasicFunctionalExecutionSuite@7946e1f4]" name="enterPassengerDetails" duration-ms="4056" started-at="2017-01-15T19:35:08Z" finished-at="2017-01-15T19:35:12Z">
          <reporter-output>
          </reporter-output>
        </test-method> <!-- enterPassengerDetails -->
        <test-method status="PASS" signature="afterEveryMethod(org.testng.ITestResult)[pri:0, instance:TestExecutionSuite.BasicFunctionalExecutionSuite@7946e1f4]" name="afterEveryMethod" is-config="true" duration-ms="0" started-at="2017-01-15T19:35:12Z" finished-at="2017-01-15T19:35:12Z">
          <params>
            <param index="0">
              <value>
                <![CDATA[[TestResult name=enterPassengerDetails status=SUCCESS method=BasicFunctionalExecutionSuite.enterPassengerDetails()[pri:8, instance:TestExecutionSuite.BasicFunctionalExecutionSuite@7946e1f4] output={null}]]]>
              </value>
            </param>
          </params>
          <reporter-output>
          </reporter-output>
        </test-method> <!-- afterEveryMethod -->
        <test-method status="PASS" signature="verifyPaymentPage()[pri:9, instance:TestExecutionSuite.BasicFunctionalExecutionSuite@7946e1f4]" name="verifyPaymentPage" duration-ms="11670" started-at="2017-01-15T19:35:12Z" finished-at="2017-01-15T19:35:24Z">
          <reporter-output>
          </reporter-output>
        </test-method> <!-- verifyPaymentPage -->
        <test-method status="PASS" signature="afterEveryMethod(org.testng.ITestResult)[pri:0, instance:TestExecutionSuite.BasicFunctionalExecutionSuite@7946e1f4]" name="afterEveryMethod" is-config="true" duration-ms="1" started-at="2017-01-15T19:35:24Z" finished-at="2017-01-15T19:35:24Z">
          <params>
            <param index="0">
              <value>
                <![CDATA[[TestResult name=verifyPaymentPage status=SUCCESS method=BasicFunctionalExecutionSuite.verifyPaymentPage()[pri:9, instance:TestExecutionSuite.BasicFunctionalExecutionSuite@7946e1f4] output={null}]]]>
              </value>
            </param>
          </params>
          <reporter-output>
          </reporter-output>
        </test-method> <!-- afterEveryMethod -->
        <test-method status="PASS" signature="teardown()[pri:0, instance:TestExecutionSuite.BasicFunctionalExecutionSuite@7946e1f4]" name="teardown" is-config="true" duration-ms="22" started-at="2017-01-15T19:35:24Z" finished-at="2017-01-15T19:35:24Z">
          <reporter-output>
          </reporter-output>
        </test-method> <!-- teardown -->
        <test-method status="PASS" signature="aftersuite()[pri:0, instance:TestExecutionSuite.BasicFunctionalExecutionSuite@7946e1f4]" name="aftersuite" is-config="true" duration-ms="4435" started-at="2017-01-15T19:35:24Z" finished-at="2017-01-15T19:35:29Z">
          <reporter-output>
          </reporter-output>
        </test-method> <!-- aftersuite -->
      </class> <!-- TestExecutionSuite.BasicFunctionalExecutionSuite -->
    </test> <!-- Go-Jek Assignment Execution Suite Test -->
  </suite> <!-- Go-Jek Assignment Execution Suite -->
</testng-results>
